1632241969040:convert
1632241983394:convert 20 usd to uah
1632242016851:convert "0usd to uah"
1632242023324:cls
1632242025169:clear
1632242029336:/help
1632242034300:help
1632242880243:convert 20 usd uah
1632242987012:exit
1632243007632:help
1632243011919:exit
1632243146733:close
1632243435080:help
1632243486409:convert 10 usd uah 2013.05.23
1632243528289:convert 10 usd uah
1632243623392:convert 20 usd uah
1632244801626:from
1632245385352:currency
1632246397624:currencies
1632246411744:from pln
1632246418294:to gel
1632246422734:amount 523
1632246427032:convertp
1632246438579:help
1632246444096:close
